# JRE version: OpenJDK Runtime Environment (11.0.13) (build 11.0.13+0-b1751.21-8125866)
# Java VM: OpenJDK 64-Bit Server VM (11.0.13+0-b1751.21-8125866, mixed mode, tiered, compressed oops, g1 gc, windows-amd64)
Heap:
 garbage-first heap   total 120832K, used 98529K [0x00000000c0000000, 0x0000000100000000)
  region size 1024K, 5 young (5120K), 2 survivors (2048K)
 Metaspace       used 86527K, capacity 88949K, committed 89172K, reserved 1126400K
  class space    used 11210K, capacity 12081K, committed 12160K, reserved 1048576K
GC Heap History (20 events):
Event: 18.456 GC heap before
{Heap before GC invocations=34 (full 0):
 garbage-first heap   total 120832K, used 87386K [0x00000000c0000000, 0x0000000100000000)
  region size 1024K, 7 young (7168K), 2 survivors (2048K)
 Metaspace       used 78658K, capacity 80972K, committed 81108K, reserved 1120256K
  class space    used 10093K, capacity 10920K, committed 11008K, reserved 1048576K
}
Event: 18.461 GC heap after
{Heap after GC invocations=35 (full 0):
 garbage-first heap   total 120832K, used 83863K [0x00000000c0000000, 0x0000000100000000)
  region size 1024K, 3 young (3072K), 3 survivors (3072K)
 Metaspace       used 78658K, capacity 80972K, committed 81108K, reserved 1120256K
  class space    used 10093K, capacity 10920K, committed 11008K, reserved 1048576K
}
Event: 18.677 GC heap before
{Heap before GC invocations=36 (full 0):
 garbage-first heap   total 120832K, used 102295K [0x00000000c0000000, 0x0000000100000000)
  region size 1024K, 19 young (19456K), 3 survivors (3072K)
 Metaspace       used 78739K, capacity 81080K, committed 81364K, reserved 1120256K
  class space    used 10105K, capacity 10956K, committed 11008K, reserved 1048576K
}
Event: 18.682 GC heap after
{Heap after GC invocations=37 (full 0):
 garbage-first heap   total 120832K, used 90492K [0x00000000c0000000, 0x0000000100000000)
  region size 1024K, 3 young (3072K), 3 survivors (3072K)
 Metaspace       used 78739K, capacity 81080K, committed 81364K, reserved 1120256K
  class space    used 10105K, capacity 10956K, committed 11008K, reserved 1048576K
}
Event: 18.970 GC heap before
{Heap before GC invocations=37 (full 0):
 garbage-first heap   total 120832K, used 101756K [0x00000000c0000000, 0x0000000100000000)
  region size 1024K, 14 young (14336K), 3 survivors (3072K)
 Metaspace       used 79630K, capacity 81975K, committed 82260K, reserved 1120256K
  class space    used 10268K, capacity 11102K, committed 11136K, reserved 1048576K
}
Event: 18.975 GC heap after
{Heap after GC invocations=38 (full 0):
 garbage-first heap   total 120832K, used 92342K [0x00000000c0000000, 0x0000000100000000)
  region size 1024K, 2 young (2048K), 2 survivors (2048K)
 Metaspace       used 79630K, capacity 81975K, committed 82260K, reserved 1120256K
  class space    used 10268K, capacity 11102K, committed 11136K, reserved 1048576K
}
Event: 19.243 GC heap before
{Heap before GC invocations=39 (full 0):
 garbage-first heap   total 120832K, used 102582K [0x00000000c0000000, 0x0000000100000000)
  region size 1024K, 12 young (12288K), 2 survivors (2048K)
 Metaspace       used 80482K, capacity 82806K, committed 82900K, reserved 1122304K
  class space    used 10390K, capacity 11226K, committed 11264K, reserved 1048576K
}
Event: 19.247 GC heap after
{Heap after GC invocations=40 (full 0):
 garbage-first heap   total 120832K, used 93254K [0x00000000c0000000, 0x0000000100000000)
  region size 1024K, 1 young (1024K), 1 survivors (1024K)
 Metaspace       used 80482K, capacity 82806K, committed 82900K, reserved 1122304K
  class space    used 10390K, capacity 11226K, committed 11264K, reserved 1048576K
}
Event: 19.448 GC heap before
{Heap before GC invocations=40 (full 0):
 garbage-first heap   total 120832K, used 103494K [0x00000000c0000000, 0x0000000100000000)
  region size 1024K, 11 young (11264K), 1 survivors (1024K)
 Metaspace       used 81268K, capacity 83633K, committed 83796K, reserved 1122304K
  class space    used 10501K, capacity 11370K, committed 11392K, reserved 1048576K
}
Event: 19.451 GC heap after
{Heap after GC invocations=41 (full 0):
 garbage-first heap   total 120832K, used 93732K [0x00000000c0000000, 0x0000000100000000)
  region size 1024K, 2 young (2048K), 2 survivors (2048K)
 Metaspace       used 81268K, capacity 83633K, committed 83796K, reserved 1122304K
  class space    used 10501K, capacity 11370K, committed 11392K, reserved 1048576K
}
Event: 19.658 GC heap before
{Heap before GC invocations=42 (full 0):
 garbage-first heap   total 120832K, used 102948K [0x00000000c0000000, 0x0000000100000000)
  region size 1024K, 11 young (11264K), 2 survivors (2048K)
 Metaspace       used 82201K, capacity 84637K, committed 84820K, reserved 1122304K
  class space    used 10636K, capacity 11533K, committed 11648K, reserved 1048576K
}
Event: 19.661 GC heap after
{Heap after GC invocations=43 (full 0):
 garbage-first heap   total 120832K, used 93968K [0x00000000c0000000, 0x0000000100000000)
  region size 1024K, 1 young (1024K), 1 survivors (1024K)
 Metaspace       used 82201K, capacity 84637K, committed 84820K, reserved 1122304K
  class space    used 10636K, capacity 11533K, committed 11648K, reserved 1048576K
}
Event: 19.930 GC heap before
{Heap before GC invocations=43 (full 0):
 garbage-first heap   total 120832K, used 104208K [0x00000000c0000000, 0x0000000100000000)
  region size 1024K, 11 young (11264K), 1 survivors (1024K)
 Metaspace       used 83185K, capacity 85619K, committed 85716K, reserved 1124352K
  class space    used 10818K, capacity 11705K, committed 11776K, reserved 1048576K
}
Event: 19.935 GC heap after
{Heap after GC invocations=44 (full 0):
 garbage-first heap   total 120832K, used 94284K [0x00000000c0000000, 0x0000000100000000)
  region size 1024K, 2 young (2048K), 2 survivors (2048K)
 Metaspace       used 83185K, capacity 85619K, committed 85716K, reserved 1124352K
  class space    used 10818K, capacity 11705K, committed 11776K, reserved 1048576K
}
Event: 20.641 GC heap before
{Heap before GC invocations=45 (full 0):
 garbage-first heap   total 120832K, used 103500K [0x00000000c0000000, 0x0000000100000000)
  region size 1024K, 11 young (11264K), 2 survivors (2048K)
 Metaspace       used 84965K, capacity 87452K, committed 87764K, reserved 1126400K
  class space    used 11015K, capacity 11906K, committed 12032K, reserved 1048576K
}
Event: 20.646 GC heap after
{Heap after GC invocations=46 (full 0):
 garbage-first heap   total 120832K, used 95051K [0x00000000c0000000, 0x0000000100000000)
  region size 1024K, 2 young (2048K), 2 survivors (2048K)
 Metaspace       used 84965K, capacity 87452K, committed 87764K, reserved 1126400K
  class space    used 11015K, capacity 11906K, committed 12032K, reserved 1048576K
}
Event: 20.930 GC heap before
{Heap before GC invocations=46 (full 0):
 garbage-first heap   total 120832K, used 104267K [0x00000000c0000000, 0x0000000100000000)
  region size 1024K, 11 young (11264K), 2 survivors (2048K)
 Metaspace       used 85752K, capacity 88201K, committed 88276K, reserved 1126400K
  class space    used 11121K, capacity 12003K, committed 12032K, reserved 1048576K
}
Event: 20.934 GC heap after
{Heap after GC invocations=47 (full 0):
 garbage-first heap   total 120832K, used 95755K [0x00000000c0000000, 0x0000000100000000)
  region size 1024K, 2 young (2048K), 2 survivors (2048K)
 Metaspace       used 85752K, capacity 88201K, committed 88276K, reserved 1126400K
  class space    used 11121K, capacity 12003K, committed 12032K, reserved 1048576K
}
Event: 21.133 GC heap before
{Heap before GC invocations=48 (full 0):
 garbage-first heap   total 120832K, used 103947K [0x00000000c0000000, 0x0000000100000000)
  region size 1024K, 10 young (10240K), 2 survivors (2048K)
 Metaspace       used 86296K, capacity 88755K, committed 88916K, reserved 1126400K
  class space    used 11183K, capacity 12080K, committed 12160K, reserved 1048576K
}
Event: 21.136 GC heap after
{Heap after GC invocations=49 (full 0):
 garbage-first heap   total 120832K, used 96481K [0x00000000c0000000, 0x0000000100000000)
  region size 1024K, 2 young (2048K), 2 survivors (2048K)
 Metaspace       used 86296K, capacity 88755K, committed 88916K, reserved 1126400K
  class space    used 11183K, capacity 12080K, committed 12160K, reserved 1048576K
}

