# JRE version: Java(TM) SE Runtime Environment (8.0_341-b10) (build 1.8.0_341-b10)
# Java VM: Java HotSpot(TM) 64-Bit Server VM (25.341-b10 mixed mode windows-amd64 compressed oops)
Heap:
 PSYoungGen      total 225280K, used 126865K [0x00000000e0000000, 0x00000000f2280000, 0x0000000100000000)
  eden space 203264K, 54% used [0x00000000e0000000,0x00000000e6b77510,0x00000000ec680000)
  from space 22016K, 76% used [0x00000000ec680000,0x00000000ed6ecf18,0x00000000edc00000)
  to   space 23552K, 0% used [0x00000000f0b80000,0x00000000f0b80000,0x00000000f2280000)
 ParOldGen       total 114688K, used 54848K [0x00000000a0000000, 0x00000000a7000000, 0x00000000e0000000)
  object space 114688K, 47% used [0x00000000a0000000,0x00000000a3590268,0x00000000a7000000)
 Metaspace       used 85841K, capacity 91694K, committed 91864K, reserved 1128448K
  class space    used 12130K, capacity 13219K, committed 13312K, reserved 1048576K
GC Heap History (10 events):
Event: 11966.071 GC heap before
{Heap before GC invocations=22 (full 2):
 PSYoungGen      total 152576K, used 79179K [0x00000000e0000000, 0x00000000ec100000, 0x0000000100000000)
  eden space 138752K, 52% used [0x00000000e0000000,0x00000000e478dd90,0x00000000e8780000)
  from space 13824K, 42% used [0x00000000e8780000,0x00000000e8d44ec0,0x00000000e9500000)
  to   space 13312K, 0% used [0x00000000eb400000,0x00000000eb400000,0x00000000ec100000)
 ParOldGen       total 86528K, used 29026K [0x00000000a0000000, 0x00000000a5480000, 0x00000000e0000000)
  object space 86528K, 33% used [0x00000000a0000000,0x00000000a1c58b48,0x00000000a5480000)
 Metaspace       used 55167K, capacity 58876K, committed 58968K, reserved 1099776K
  class space    used 7559K, capacity 8256K, committed 8320K, reserved 1048576K
Event: 11966.088 GC heap after
Heap after GC invocations=22 (full 2):
 PSYoungGen      total 179200K, used 3162K [0x00000000e0000000, 0x00000000ebe00000, 0x0000000100000000)
  eden space 168960K, 0% used [0x00000000e0000000,0x00000000e0000000,0x00000000ea500000)
  from space 10240K, 30% used [0x00000000eb400000,0x00000000eb716a00,0x00000000ebe00000)
  to   space 12800K, 0% used [0x00000000ea500000,0x00000000ea500000,0x00000000eb180000)
 ParOldGen       total 86528K, used 33787K [0x00000000a0000000, 0x00000000a5480000, 0x00000000e0000000)
  object space 86528K, 39% used [0x00000000a0000000,0x00000000a20feee8,0x00000000a5480000)
 Metaspace       used 55167K, capacity 58876K, committed 58968K, reserved 1099776K
  class space    used 7559K, capacity 8256K, committed 8320K, reserved 1048576K
}
Event: 11966.088 GC heap before
{Heap before GC invocations=23 (full 3):
 PSYoungGen      total 179200K, used 3162K [0x00000000e0000000, 0x00000000ebe00000, 0x0000000100000000)
  eden space 168960K, 0% used [0x00000000e0000000,0x00000000e0000000,0x00000000ea500000)
  from space 10240K, 30% used [0x00000000eb400000,0x00000000eb716a00,0x00000000ebe00000)
  to   space 12800K, 0% used [0x00000000ea500000,0x00000000ea500000,0x00000000eb180000)
 ParOldGen       total 86528K, used 33787K [0x00000000a0000000, 0x00000000a5480000, 0x00000000e0000000)
  object space 86528K, 39% used [0x00000000a0000000,0x00000000a20feee8,0x00000000a5480000)
 Metaspace       used 55167K, capacity 58876K, committed 58968K, reserved 1099776K
  class space    used 7559K, capacity 8256K, committed 8320K, reserved 1048576K
Event: 11966.669 GC heap after
Heap after GC invocations=23 (full 3):
 PSYoungGen      total 179200K, used 0K [0x00000000e0000000, 0x00000000ebe00000, 0x0000000100000000)
  eden space 168960K, 0% used [0x00000000e0000000,0x00000000e0000000,0x00000000ea500000)
  from space 10240K, 0% used [0x00000000eb400000,0x00000000eb400000,0x00000000ebe00000)
  to   space 12800K, 0% used [0x00000000ea500000,0x00000000ea500000,0x00000000eb180000)
 ParOldGen       total 114688K, used 25602K [0x00000000a0000000, 0x00000000a7000000, 0x00000000e0000000)
  object space 114688K, 22% used [0x00000000a0000000,0x00000000a1900ba0,0x00000000a7000000)
 Metaspace       used 54876K, capacity 58052K, committed 58968K, reserved 1099776K
  class space    used 7468K, capacity 8044K, committed 8320K, reserved 1048576K
}
Event: 11970.522 GC heap before
{Heap before GC invocations=24 (full 3):
 PSYoungGen      total 179200K, used 168960K [0x00000000e0000000, 0x00000000ebe00000, 0x0000000100000000)
  eden space 168960K, 100% used [0x00000000e0000000,0x00000000ea500000,0x00000000ea500000)
  from space 10240K, 0% used [0x00000000eb400000,0x00000000eb400000,0x00000000ebe00000)
  to   space 12800K, 0% used [0x00000000ea500000,0x00000000ea500000,0x00000000eb180000)
 ParOldGen       total 114688K, used 25602K [0x00000000a0000000, 0x00000000a7000000, 0x00000000e0000000)
  object space 114688K, 22% used [0x00000000a0000000,0x00000000a1900ba0,0x00000000a7000000)
 Metaspace       used 68755K, capacity 72396K, committed 72664K, reserved 1112064K
  class space    used 9274K, capacity 9903K, committed 9984K, reserved 1048576K
Event: 11970.548 GC heap after
Heap after GC invocations=24 (full 3):
 PSYoungGen      total 181760K, used 12792K [0x00000000e0000000, 0x00000000eec80000, 0x0000000100000000)
  eden space 168960K, 0% used [0x00000000e0000000,0x00000000e0000000,0x00000000ea500000)
  from space 12800K, 99% used [0x00000000ea500000,0x00000000eb17e1a0,0x00000000eb180000)
  to   space 16896K, 0% used [0x00000000edc00000,0x00000000edc00000,0x00000000eec80000)
 ParOldGen       total 114688K, used 31284K [0x00000000a0000000, 0x00000000a7000000, 0x00000000e0000000)
  object space 114688K, 27% used [0x00000000a0000000,0x00000000a1e8d2e0,0x00000000a7000000)
 Metaspace       used 68755K, capacity 72396K, committed 72664K, reserved 1112064K
  class space    used 9274K, capacity 9903K, committed 9984K, reserved 1048576K
}
Event: 11973.553 GC heap before
{Heap before GC invocations=25 (full 3):
 PSYoungGen      total 181760K, used 181752K [0x00000000e0000000, 0x00000000eec80000, 0x0000000100000000)
  eden space 168960K, 100% used [0x00000000e0000000,0x00000000ea500000,0x00000000ea500000)
  from space 12800K, 99% used [0x00000000ea500000,0x00000000eb17e1a0,0x00000000eb180000)
  to   space 16896K, 0% used [0x00000000edc00000,0x00000000edc00000,0x00000000eec80000)
 ParOldGen       total 114688K, used 31284K [0x00000000a0000000, 0x00000000a7000000, 0x00000000e0000000)
  object space 114688K, 27% used [0x00000000a0000000,0x00000000a1e8d2e0,0x00000000a7000000)
 Metaspace       used 74926K, capacity 79110K, committed 79192K, reserved 1118208K
  class space    used 10305K, capacity 11074K, committed 11136K, reserved 1048576K
Event: 11973.577 GC heap after
Heap after GC invocations=25 (full 3):
 PSYoungGen      total 220160K, used 16866K [0x00000000e0000000, 0x00000000ef380000, 0x0000000100000000)
  eden space 203264K, 0% used [0x00000000e0000000,0x00000000e0000000,0x00000000ec680000)
  from space 16896K, 99% used [0x00000000edc00000,0x00000000eec78b88,0x00000000eec80000)
  to   space 22016K, 0% used [0x00000000ec680000,0x00000000ec680000,0x00000000edc00000)
 ParOldGen       total 114688K, used 38028K [0x00000000a0000000, 0x00000000a7000000, 0x00000000e0000000)
  object space 114688K, 33% used [0x00000000a0000000,0x00000000a2523198,0x00000000a7000000)
 Metaspace       used 74926K, capacity 79110K, committed 79192K, reserved 1118208K
  class space    used 10305K, capacity 11074K, committed 11136K, reserved 1048576K
}
Event: 11976.873 GC heap before
{Heap before GC invocations=26 (full 3):
 PSYoungGen      total 220160K, used 220130K [0x00000000e0000000, 0x00000000ef380000, 0x0000000100000000)
  eden space 203264K, 100% used [0x00000000e0000000,0x00000000ec680000,0x00000000ec680000)
  from space 16896K, 99% used [0x00000000edc00000,0x00000000eec78b88,0x00000000eec80000)
  to   space 22016K, 0% used [0x00000000ec680000,0x00000000ec680000,0x00000000edc00000)
 ParOldGen       total 114688K, used 38028K [0x00000000a0000000, 0x00000000a7000000, 0x00000000e0000000)
  object space 114688K, 33% used [0x00000000a0000000,0x00000000a2523198,0x00000000a7000000)
 Metaspace       used 81876K, capacity 87138K, committed 87256K, reserved 1124352K
  class space    used 11452K, capacity 12456K, committed 12544K, reserved 1048576K
Event: 11976.995 GC heap after
Heap after GC invocations=26 (full 3):
 PSYoungGen      total 225280K, used 16819K [0x00000000e0000000, 0x00000000f2280000, 0x0000000100000000)
  eden space 203264K, 0% used [0x00000000e0000000,0x00000000e0000000,0x00000000ec680000)
  from space 22016K, 76% used [0x00000000ec680000,0x00000000ed6ecf18,0x00000000edc00000)
  to   space 23552K, 0% used [0x00000000f0b80000,0x00000000f0b80000,0x00000000f2280000)
 ParOldGen       total 114688K, used 54848K [0x00000000a0000000, 0x00000000a7000000, 0x00000000e0000000)
  object space 114688K, 47% used [0x00000000a0000000,0x00000000a3590268,0x00000000a7000000)
 Metaspace       used 81876K, capacity 87138K, committed 87256K, reserved 1124352K
  class space    used 11452K, capacity 12456K, committed 12544K, reserved 1048576K
}

